<?xml version="1.0" encoding="UTF-8"?>
<!-- Generated by org.testng.reporters.JUnitReportReporter -->
<testsuite hostname="LTIN275801" failures="0" tests="40" name="Test_Cases.Finding_Hospitals" time="106.268" errors="0" timestamp="2024-03-02T17:04:02 IST" skipped="0">
  <testcase classname="Test_Cases.Finding_Hospitals" name="findDoctors" time="2.048"/>
  <testcase classname="Test_Cases.Finding_Hospitals" name="findDoctors" time="2.503"/>
  <testcase classname="Test_Cases.Finding_Hospitals" name="Search_City" time="0.657"/>
  <testcase classname="Test_Cases.Finding_Hospitals" name="Search_City" time="1.070"/>
  <testcase classname="Test_Cases.Finding_Hospitals" name="Search_Dentists" time="2.229"/>
  <testcase classname="Test_Cases.Finding_Hospitals" name="Search_Dentists" time="2.020"/>
  <testcase classname="Test_Cases.Finding_Hospitals" name="select_PatientStories" time="2.336"/>
  <testcase classname="Test_Cases.Finding_Hospitals" name="select_PatientStories" time="2.425"/>
  <testcase classname="Test_Cases.Finding_Hospitals" name="select_Experience" time="2.446"/>
  <testcase classname="Test_Cases.Finding_Hospitals" name="select_Experience" time="2.283"/>
  <testcase classname="Test_Cases.Finding_Hospitals" name="applyFilters" time="2.283"/>
  <testcase classname="Test_Cases.Finding_Hospitals" name="applyFilters" time="2.416"/>
  <testcase classname="Test_Cases.Finding_Hospitals" name="applyFilters_1" time="2.360"/>
  <testcase classname="Test_Cases.Finding_Hospitals" name="applyFilters_1" time="2.270"/>
  <testcase classname="Test_Cases.Finding_Hospitals" name="applyFilters_2" time="3.575"/>
  <testcase classname="Test_Cases.Finding_Hospitals" name="applyFilters_2" time="3.577"/>
  <testcase classname="Test_Cases.Finding_Hospitals" name="get_DoctorDetails" time="22.347"/>
  <testcase classname="Test_Cases.Finding_Hospitals" name="get_DoctorDetails" time="26.509"/>
  <testcase classname="Test_Cases.Finding_Hospitals" name="navigateToSurgeries" time="1.146"/>
  <testcase classname="Test_Cases.Finding_Hospitals" name="navigateToSurgeries" time="1.021"/>
  <testcase classname="Test_Cases.Finding_Hospitals" name="ScrollToSurgeries" time="0.069"/>
  <testcase classname="Test_Cases.Finding_Hospitals" name="ScrollToSurgeries" time="0.067"/>
  <testcase classname="Test_Cases.Finding_Hospitals" name="sugeryNames" time="1.074"/>
  <testcase classname="Test_Cases.Finding_Hospitals" name="sugeryNames" time="1.080"/>
  <testcase classname="Test_Cases.Finding_Hospitals" name="ScrollToTop" time="0.042"/>
  <testcase classname="Test_Cases.Finding_Hospitals" name="ScrollToTop" time="0.039"/>
  <testcase classname="Test_Cases.Finding_Hospitals" name="navigatioToHealth_Page" time="3.531"/>
  <testcase classname="Test_Cases.Finding_Hospitals" name="navigatioToHealth_Page" time="3.983"/>
  <testcase classname="Test_Cases.Finding_Hospitals" name="scrollToDemoBtn" time="0.112"/>
  <testcase classname="Test_Cases.Finding_Hospitals" name="scrollToDemoBtn" time="0.269"/>
  <testcase classname="Test_Cases.Finding_Hospitals" name="verifyDemoBtn_1" time="0.708"/>
  <testcase classname="Test_Cases.Finding_Hospitals" name="verifyDemoBtn_1" time="1.561"/>
  <testcase classname="Test_Cases.Finding_Hospitals" name="ClickDemoBtn" time="0.097"/>
  <testcase classname="Test_Cases.Finding_Hospitals" name="ClickDemoBtn" time="0.179"/>
  <testcase classname="Test_Cases.Finding_Hospitals" name="ClearingData" time="0.452"/>
  <testcase classname="Test_Cases.Finding_Hospitals" name="ClearingData" time="0.265"/>
  <testcase classname="Test_Cases.Finding_Hospitals" name="verifyDemoBtn_2" time="2.074"/>
  <testcase classname="Test_Cases.Finding_Hospitals" name="verifyDemoBtn_2" time="1.283"/>
  <testcase classname="Test_Cases.Finding_Hospitals" name="Verify_ResultMsg" time="0.750"/>
  <testcase classname="Test_Cases.Finding_Hospitals" name="Verify_ResultMsg" time="1.112"/>
</testsuite> <!-- Test_Cases.Finding_Hospitals -->
