<?xml version="1.0" encoding="UTF-8"?>
<!-- Generated by org.testng.reporters.JUnitReportReporter -->
<testsuite hostname="LTIN275801" failures="0" tests="20" name="Test_Cases.Finding_Hospitals" time="103.783" errors="0" timestamp="2024-03-01T16:07:52 IST" skipped="0">
  <testcase classname="Test_Cases.Finding_Hospitals" name="findDoctors" time="2.073"/>
  <testcase classname="Test_Cases.Finding_Hospitals" name="Search_City" time="0.952"/>
  <testcase classname="Test_Cases.Finding_Hospitals" name="Search_Dentists" time="2.427"/>
  <testcase classname="Test_Cases.Finding_Hospitals" name="select_PatientStories" time="2.284"/>
  <testcase classname="Test_Cases.Finding_Hospitals" name="select_Experience" time="2.222"/>
  <testcase classname="Test_Cases.Finding_Hospitals" name="applyFilters" time="2.248"/>
  <testcase classname="Test_Cases.Finding_Hospitals" name="applyFilters_1" time="2.234"/>
  <testcase classname="Test_Cases.Finding_Hospitals" name="applyFilters_2" time="3.646"/>
  <testcase classname="Test_Cases.Finding_Hospitals" name="get_DoctorDetails" time="24.334"/>
  <testcase classname="Test_Cases.Finding_Hospitals" name="navigateToSurgeries" time="1.332"/>
  <testcase classname="Test_Cases.Finding_Hospitals" name="ScrollToSurgeries" time="0.030"/>
  <testcase classname="Test_Cases.Finding_Hospitals" name="sugeryNames" time="1.316"/>
  <testcase classname="Test_Cases.Finding_Hospitals" name="ScrollToTop" time="0.034"/>
  <testcase classname="Test_Cases.Finding_Hospitals" name="navigatioToHealth_Page" time="9.153"/>
  <testcase classname="Test_Cases.Finding_Hospitals" name="scrollToDemoBtn" time="0.111"/>
  <testcase classname="Test_Cases.Finding_Hospitals" name="verifyDemoBtn_1" time="0.784"/>
  <testcase classname="Test_Cases.Finding_Hospitals" name="ClickDemoBtn" time="0.101"/>
  <testcase classname="Test_Cases.Finding_Hospitals" name="ClearingData" time="0.260"/>
  <testcase classname="Test_Cases.Finding_Hospitals" name="verifyDemoBtn_2" time="2.219"/>
  <testcase classname="Test_Cases.Finding_Hospitals" name="Verify_ResultMsg" time="46.023"/>
</testsuite> <!-- Test_Cases.Finding_Hospitals -->
