<?xml version="1.0" encoding="UTF-8"?>
<!-- Generated by org.testng.reporters.JUnitReportReporter -->
<testsuite hostname="LTIN275801" failures="0" tests="20" name="Test_Cases.Finding_Hospitals" time="55.608" errors="0" timestamp="2024-03-02T14:45:36 IST" skipped="0">
  <testcase classname="Test_Cases.Finding_Hospitals" name="findDoctors" time="1.807"/>
  <testcase classname="Test_Cases.Finding_Hospitals" name="Search_City" time="0.745"/>
  <testcase classname="Test_Cases.Finding_Hospitals" name="Search_Dentists" time="1.981"/>
  <testcase classname="Test_Cases.Finding_Hospitals" name="select_PatientStories" time="2.427"/>
  <testcase classname="Test_Cases.Finding_Hospitals" name="select_Experience" time="2.330"/>
  <testcase classname="Test_Cases.Finding_Hospitals" name="applyFilters" time="2.225"/>
  <testcase classname="Test_Cases.Finding_Hospitals" name="applyFilters_1" time="2.238"/>
  <testcase classname="Test_Cases.Finding_Hospitals" name="applyFilters_2" time="3.510"/>
  <testcase classname="Test_Cases.Finding_Hospitals" name="get_DoctorDetails" time="23.841"/>
  <testcase classname="Test_Cases.Finding_Hospitals" name="navigateToSurgeries" time="1.049"/>
  <testcase classname="Test_Cases.Finding_Hospitals" name="ScrollToSurgeries" time="0.060"/>
  <testcase classname="Test_Cases.Finding_Hospitals" name="sugeryNames" time="1.073"/>
  <testcase classname="Test_Cases.Finding_Hospitals" name="ScrollToTop" time="0.033"/>
  <testcase classname="Test_Cases.Finding_Hospitals" name="navigatioToHealth_Page" time="8.433"/>
  <testcase classname="Test_Cases.Finding_Hospitals" name="scrollToDemoBtn" time="0.114"/>
  <testcase classname="Test_Cases.Finding_Hospitals" name="verifyDemoBtn_1" time="0.738"/>
  <testcase classname="Test_Cases.Finding_Hospitals" name="ClickDemoBtn" time="0.139"/>
  <testcase classname="Test_Cases.Finding_Hospitals" name="ClearingData" time="0.307"/>
  <testcase classname="Test_Cases.Finding_Hospitals" name="verifyDemoBtn_2" time="1.886"/>
  <testcase classname="Test_Cases.Finding_Hospitals" name="Verify_ResultMsg" time="0.672"/>
</testsuite> <!-- Test_Cases.Finding_Hospitals -->
